\\storage10.student.bth.se\students\20142\dawi14\visual studio 2015\projects\mayaplugin\mayaplugin\x64\debug\vc140.pdb
\\storage10.student.bth.se\students\20142\dawi14\visual studio 2015\projects\mayaplugin\mayaplugin\x64\debug\vc140.idb
\\storage10.student.bth.se\students\20142\dawi14\visual studio 2015\projects\mayaplugin\mayaplugin\x64\debug\main.obj
\\storage10.student.bth.se\students\20142\dawi14\visual studio 2015\projects\mayaplugin\x64\debug\mayaplugin.lib
\\storage10.student.bth.se\students\20142\dawi14\visual studio 2015\projects\mayaplugin\x64\debug\mayaplugin.exp
\\storage10.student.bth.se\students\20142\dawi14\visual studio 2015\projects\mayaplugin\x64\debug\mayaplugin.pdb
\\storage10.student.bth.se\students\20142\dawi14\visual studio 2015\projects\mayaplugin\mayaplugin\x64\debug\mayaplugin.tlog\cl.read.1.tlog
\\storage10.student.bth.se\students\20142\dawi14\visual studio 2015\projects\mayaplugin\mayaplugin\x64\debug\mayaplugin.tlog\cl.write.1.tlog
\\storage10.student.bth.se\students\20142\dawi14\visual studio 2015\projects\mayaplugin\mayaplugin\x64\debug\mayaplugin.tlog\cl.command.1.tlog
\\storage10.student.bth.se\students\20142\dawi14\visual studio 2015\projects\mayaplugin\mayaplugin\x64\debug\mayaplugin.tlog\link.command.1.tlog
\\storage10.student.bth.se\students\20142\dawi14\visual studio 2015\projects\mayaplugin\mayaplugin\x64\debug\mayaplugin.tlog\mayaplugin.write.1u.tlog
\\storage10.student.bth.se\students\20142\dawi14\visual studio 2015\projects\mayaplugin\mayaplugin\x64\debug\mayaplugin.tlog\link.7164-rc.read.1.tlog
\\storage10.student.bth.se\students\20142\dawi14\visual studio 2015\projects\mayaplugin\mayaplugin\x64\debug\mayaplugin.tlog\link.7164-rc.write.1.tlog
\\storage10.student.bth.se\students\20142\dawi14\visual studio 2015\projects\mayaplugin\mayaplugin\x64\debug\mayaplugin.tlog\link.read.1.tlog
\\storage10.student.bth.se\students\20142\dawi14\visual studio 2015\projects\mayaplugin\mayaplugin\x64\debug\mayaplugin.tlog\link.write.1.tlog
\\storage10.student.bth.se\students\20142\dawi14\visual studio 2015\projects\mayaplugin\mayaplugin\x64\debug\mayaplugin.tlog\link.7164-cvtres.read.1.tlog
\\storage10.student.bth.se\students\20142\dawi14\visual studio 2015\projects\mayaplugin\mayaplugin\x64\debug\mayaplugin.tlog\link.7164-cvtres.write.1.tlog
\\storage10.student.bth.se\students\20142\dawi14\visual studio 2015\projects\mayaplugin\mayaplugin\x64\debug\mayaplugin.tlog\link.7164.read.1.tlog
\\storage10.student.bth.se\students\20142\dawi14\visual studio 2015\projects\mayaplugin\mayaplugin\x64\debug\mayaplugin.tlog\link.7164.write.1.tlog
\\storage10.student.bth.se\students\20142\dawi14\visual studio 2015\projects\mayaplugin\mayaplugin\x64\debug\mayaplugin.tlog\link-rc.read.1.tlog
\\storage10.student.bth.se\students\20142\dawi14\visual studio 2015\projects\mayaplugin\mayaplugin\x64\debug\mayaplugin.tlog\link-rc.write.1.tlog
\\storage10.student.bth.se\students\20142\dawi14\visual studio 2015\projects\mayaplugin\mayaplugin\x64\debug\mayaplugin.tlog\link-cvtres.read.1.tlog
\\storage10.student.bth.se\students\20142\dawi14\visual studio 2015\projects\mayaplugin\mayaplugin\x64\debug\mayaplugin.tlog\link-cvtres.write.1.tlog
