  main.cpp
\\storage10.student.bth.se\students\20142\dawi14\visual studio 2015\projects\mayaplugin\mayaplugin\main.cpp(49): warning C4018: '<': signed/unsigned mismatch
\\storage10.student.bth.se\students\20142\dawi14\visual studio 2015\projects\mayaplugin\mayaplugin\main.cpp(582): warning C4244: '=': conversion from 'double' to 'float', possible loss of data
\\storage10.student.bth.se\students\20142\dawi14\visual studio 2015\projects\mayaplugin\mayaplugin\main.cpp(583): warning C4244: '=': conversion from 'double' to 'float', possible loss of data
\\storage10.student.bth.se\students\20142\dawi14\visual studio 2015\projects\mayaplugin\mayaplugin\main.cpp(584): warning C4244: '=': conversion from 'double' to 'float', possible loss of data
\\storage10.student.bth.se\students\20142\dawi14\visual studio 2015\projects\mayaplugin\mayaplugin\main.cpp(585): warning C4244: '=': conversion from 'double' to 'float', possible loss of data
\\storage10.student.bth.se\students\20142\dawi14\visual studio 2015\projects\mayaplugin\mayaplugin\main.cpp(613): warning C4018: '<': signed/unsigned mismatch
\\storage10.student.bth.se\students\20142\dawi14\visual studio 2015\projects\mayaplugin\mayaplugin\main.cpp(797): warning C4018: '<': signed/unsigned mismatch
\\storage10.student.bth.se\students\20142\dawi14\visual studio 2015\projects\mayaplugin\mayaplugin\main.cpp(969): warning C4018: '<': signed/unsigned mismatch
\\storage10.student.bth.se\students\20142\dawi14\visual studio 2015\projects\mayaplugin\mayaplugin\main.cpp(1133): warning C4018: '<': signed/unsigned mismatch
\\storage10.student.bth.se\students\20142\dawi14\visual studio 2015\projects\mayaplugin\mayaplugin\main.cpp(1186): warning C4244: 'initializing': conversion from 'double' to 'float', possible loss of data
\\storage10.student.bth.se\students\20142\dawi14\visual studio 2015\projects\mayaplugin\mayaplugin\main.cpp(1191): warning C4244: '=': conversion from 'double' to 'float', possible loss of data
\\storage10.student.bth.se\students\20142\dawi14\visual studio 2015\projects\mayaplugin\mayaplugin\main.cpp(1192): warning C4244: '=': conversion from 'double' to 'float', possible loss of data
\\storage10.student.bth.se\students\20142\dawi14\visual studio 2015\projects\mayaplugin\mayaplugin\main.cpp(1193): warning C4244: '=': conversion from 'double' to 'float', possible loss of data
\\storage10.student.bth.se\students\20142\dawi14\visual studio 2015\projects\mayaplugin\mayaplugin\main.cpp(1194): warning C4244: '=': conversion from 'double' to 'float', possible loss of data
\\storage10.student.bth.se\students\20142\dawi14\visual studio 2015\projects\mayaplugin\mayaplugin\main.cpp(1228): warning C4244: '=': conversion from 'double' to 'float', possible loss of data
\\storage10.student.bth.se\students\20142\dawi14\visual studio 2015\projects\mayaplugin\mayaplugin\main.cpp(1229): warning C4244: '=': conversion from 'double' to 'float', possible loss of data
\\storage10.student.bth.se\students\20142\dawi14\visual studio 2015\projects\mayaplugin\mayaplugin\main.cpp(1230): warning C4244: '=': conversion from 'double' to 'float', possible loss of data
\\storage10.student.bth.se\students\20142\dawi14\visual studio 2015\projects\mayaplugin\mayaplugin\main.cpp(1231): warning C4244: '=': conversion from 'double' to 'float', possible loss of data
\\storage10.student.bth.se\students\20142\dawi14\visual studio 2015\projects\mayaplugin\mayaplugin\main.cpp(1289): warning C4018: '<': signed/unsigned mismatch
\\storage10.student.bth.se\students\20142\dawi14\visual studio 2015\projects\mayaplugin\mayaplugin\main.cpp(1845): warning C4838: conversion from 'int' to 'unsigned int' requires a narrowing conversion
\\storage10.student.bth.se\students\20142\dawi14\visual studio 2015\projects\mayaplugin\mayaplugin\main.cpp(1930): warning C4018: '<': signed/unsigned mismatch
\\storage10.student.bth.se\students\20142\dawi14\visual studio 2015\projects\mayaplugin\mayaplugin\main.cpp(2018): warning C4018: '<': signed/unsigned mismatch
\\storage10.student.bth.se\students\20142\dawi14\visual studio 2015\projects\mayaplugin\mayaplugin\main.cpp(2037): warning C4018: '<': signed/unsigned mismatch
\\storage10.student.bth.se\students\20142\dawi14\visual studio 2015\projects\mayaplugin\mayaplugin\main.cpp(2234): warning C4244: '=': conversion from 'double' to 'float', possible loss of data
\\storage10.student.bth.se\students\20142\dawi14\visual studio 2015\projects\mayaplugin\mayaplugin\main.cpp(2235): warning C4244: '=': conversion from 'double' to 'float', possible loss of data
\\storage10.student.bth.se\students\20142\dawi14\visual studio 2015\projects\mayaplugin\mayaplugin\main.cpp(2236): warning C4244: '=': conversion from 'double' to 'float', possible loss of data
\\storage10.student.bth.se\students\20142\dawi14\visual studio 2015\projects\mayaplugin\mayaplugin\main.cpp(2237): warning C4244: '=': conversion from 'double' to 'float', possible loss of data
\\storage10.student.bth.se\students\20142\dawi14\visual studio 2015\projects\mayaplugin\mayaplugin\main.cpp(2363): warning C4838: conversion from 'unsigned int' to 'int' requires a narrowing conversion
\\storage10.student.bth.se\students\20142\dawi14\visual studio 2015\projects\mayaplugin\mayaplugin\main.cpp(2390): warning C4018: '<': signed/unsigned mismatch
\\storage10.student.bth.se\students\20142\dawi14\visual studio 2015\projects\mayaplugin\mayaplugin\main.cpp(2688): warning C4390: ';': empty controlled statement found; is this the intent?
\\storage10.student.bth.se\students\20142\dawi14\visual studio 2015\projects\mayaplugin\mayaplugin\main.cpp(376): warning C4715: 'setMaterial': not all control paths return a value
  MayaPlugin.vcxproj -> \\storage10.student.bth.se\students\20142\dawi14\Visual Studio 2015\Projects\MayaPlugin\x64\Debug\MayaPlugin.mll
